The system is: Linux - 3.8.3-1.1-desktop - x86_64
Compiling the C compiler identification source file "CMakeCCompilerId.c" succeeded.
Compiler: /usr/bin/cc 
Build flags: 
Id flags: 

The output was:
0


Compilation of the C compiler identification source "CMakeCCompilerId.c" produced "a.out"

The C compiler identification is GNU, found in "/home/qus/Projects/CppUp/CMakeTest/tmp/CMakeFiles/2.8.10.2/CompilerIdC/a.out"

Compiling the CXX compiler identification source file "CMakeCXXCompilerId.cpp" succeeded.
Compiler: /usr/bin/c++ 
Build flags: 
Id flags: 

The output was:
0


Compilation of the CXX compiler identification source "CMakeCXXCompilerId.cpp" produced "a.out"

The CXX compiler identification is GNU, found in "/home/qus/Projects/CppUp/CMakeTest/tmp/CMakeFiles/2.8.10.2/CompilerIdCXX/a.out"

Determining if the C compiler works passed with the following output:
Change Dir: /home/qus/Projects/CppUp/CMakeTest/tmp/CMakeFiles/CMakeTmp

Run Build Command:/usr/bin/gmake "cmTryCompileExec1313595492/fast"
/usr/bin/gmake -f CMakeFiles/cmTryCompileExec1313595492.dir/build.make CMakeFiles/cmTryCompileExec1313595492.dir/build
gmake[1]: Entering directory `/home/qus/Projects/CppUp/CMakeTest/tmp/CMakeFiles/CMakeTmp'
/usr/bin/cmake -E cmake_progress_report /home/qus/Projects/CppUp/CMakeTest/tmp/CMakeFiles/CMakeTmp/CMakeFiles 1
Building C object CMakeFiles/cmTryCompileExec1313595492.dir/testCCompiler.c.o
/usr/bin/cc    -o CMakeFiles/cmTryCompileExec1313595492.dir/testCCompiler.c.o   -c /home/qus/Projects/CppUp/CMakeTest/tmp/CMakeFiles/CMakeTmp/testCCompiler.c
Linking C executable cmTryCompileExec1313595492
/usr/bin/cmake -E cmake_link_script CMakeFiles/cmTryCompileExec1313595492.dir/link.txt --verbose=1
/usr/bin/cc         CMakeFiles/cmTryCompileExec1313595492.dir/testCCompiler.c.o  -o cmTryCompileExec1313595492 -rdynamic 
gmake[1]: Leaving directory `/home/qus/Projects/CppUp/CMakeTest/tmp/CMakeFiles/CMakeTmp'


Detecting C compiler ABI info compiled with the following output:
Change Dir: /home/qus/Projects/CppUp/CMakeTest/tmp/CMakeFiles/CMakeTmp

Run Build Command:/usr/bin/gmake "cmTryCompileExec4143353146/fast"
/usr/bin/gmake -f CMakeFiles/cmTryCompileExec4143353146.dir/build.make CMakeFiles/cmTryCompileExec4143353146.dir/build
gmake[1]: Entering directory `/home/qus/Projects/CppUp/CMakeTest/tmp/CMakeFiles/CMakeTmp'
/usr/bin/cmake -E cmake_progress_report /home/qus/Projects/CppUp/CMakeTest/tmp/CMakeFiles/CMakeTmp/CMakeFiles 1
Building C object CMakeFiles/cmTryCompileExec4143353146.dir/CMakeCCompilerABI.c.o
/usr/bin/cc    -o CMakeFiles/cmTryCompileExec4143353146.dir/CMakeCCompilerABI.c.o   -c /usr/share/cmake/Modules/CMakeCCompilerABI.c
Linking C executable cmTryCompileExec4143353146
/usr/bin/cmake -E cmake_link_script CMakeFiles/cmTryCompileExec4143353146.dir/link.txt --verbose=1
/usr/bin/cc       -v CMakeFiles/cmTryCompileExec4143353146.dir/CMakeCCompilerABI.c.o  -o cmTryCompileExec4143353146 -rdynamic  
Using built-in specs.
COLLECT_GCC=/usr/bin/cc
COLLECT_LTO_WRAPPER=/usr/lib64/gcc/x86_64-suse-linux/4.7/lto-wrapper
Target: x86_64-suse-linux
Configured with: ../configure --prefix=/usr --infodir=/usr/share/info --mandir=/usr/share/man --libdir=/usr/lib64 --libexecdir=/usr/lib64 --enable-languages=c,c++,objc,fortran,obj-c++,java,ada --enable-checking=release --with-gxx-include-dir=/usr/include/c++/4.7 --enable-ssp --disable-libssp --disable-libitm --disable-plugin --with-bugurl=http://bugs.opensuse.org/ --with-pkgversion='SUSE Linux' --disable-libgcj --disable-libmudflap --with-slibdir=/lib64 --with-system-zlib --enable-__cxa_atexit --enable-libstdcxx-allocator=new --disable-libstdcxx-pch --enable-version-specific-runtime-libs --enable-linker-build-id --program-suffix=-4.7 --enable-linux-futex --without-system-libunwind --with-arch-32=i586 --with-tune=generic --build=x86_64-suse-linux
Thread model: posix
gcc version 4.7.2 20130108 [gcc-4_7-branch revision 195012] (SUSE Linux) 
COMPILER_PATH=/usr/lib64/gcc/x86_64-suse-linux/4.7/:/usr/lib64/gcc/x86_64-suse-linux/4.7/:/usr/lib64/gcc/x86_64-suse-linux/:/usr/lib64/gcc/x86_64-suse-linux/4.7/:/usr/lib64/gcc/x86_64-suse-linux/:/usr/lib64/gcc/x86_64-suse-linux/4.7/../../../../x86_64-suse-linux/bin/
LIBRARY_PATH=/usr/lib64/gcc/x86_64-suse-linux/4.7/:/usr/lib64/gcc/x86_64-suse-linux/4.7/../../../../lib64/:/lib/../lib64/:/usr/lib/../lib64/:/usr/lib64/gcc/x86_64-suse-linux/4.7/../../../../x86_64-suse-linux/lib/:/usr/lib64/gcc/x86_64-suse-linux/4.7/../../../:/lib/:/usr/lib/
COLLECT_GCC_OPTIONS='-v' '-o' 'cmTryCompileExec4143353146' '-rdynamic' '-mtune=generic' '-march=x86-64'
 /usr/lib64/gcc/x86_64-suse-linux/4.7/collect2 --build-id --eh-frame-hdr -m elf_x86_64 -export-dynamic -dynamic-linker /lib64/ld-linux-x86-64.so.2 -o cmTryCompileExec4143353146 /usr/lib64/gcc/x86_64-suse-linux/4.7/../../../../lib64/crt1.o /usr/lib64/gcc/x86_64-suse-linux/4.7/../../../../lib64/crti.o /usr/lib64/gcc/x86_64-suse-linux/4.7/crtbegin.o -L/usr/lib64/gcc/x86_64-suse-linux/4.7 -L/usr/lib64/gcc/x86_64-suse-linux/4.7/../../../../lib64 -L/lib/../lib64 -L/usr/lib/../lib64 -L/usr/lib64/gcc/x86_64-suse-linux/4.7/../../../../x86_64-suse-linux/lib -L/usr/lib64/gcc/x86_64-suse-linux/4.7/../../.. CMakeFiles/cmTryCompileExec4143353146.dir/CMakeCCompilerABI.c.o -lgcc --as-needed -lgcc_s --no-as-needed -lc -lgcc --as-needed -lgcc_s --no-as-needed /usr/lib64/gcc/x86_64-suse-linux/4.7/crtend.o /usr/lib64/gcc/x86_64-suse-linux/4.7/../../../../lib64/crtn.o
gmake[1]: Leaving directory `/home/qus/Projects/CppUp/CMakeTest/tmp/CMakeFiles/CMakeTmp'


Parsed C implicit link information from above output:
  link line regex: [^( *|.*[/\])(ld|ld|collect2)[^/\]*( |$)]
  ignore line: [Change Dir: /home/qus/Projects/CppUp/CMakeTest/tmp/CMakeFiles/CMakeTmp]
  ignore line: []
  ignore line: [Run Build Command:/usr/bin/gmake "cmTryCompileExec4143353146/fast"]
  ignore line: [/usr/bin/gmake -f CMakeFiles/cmTryCompileExec4143353146.dir/build.make CMakeFiles/cmTryCompileExec4143353146.dir/build]
  ignore line: [gmake[1]: Entering directory `/home/qus/Projects/CppUp/CMakeTest/tmp/CMakeFiles/CMakeTmp']
  ignore line: [/usr/bin/cmake -E cmake_progress_report /home/qus/Projects/CppUp/CMakeTest/tmp/CMakeFiles/CMakeTmp/CMakeFiles 1]
  ignore line: [Building C object CMakeFiles/cmTryCompileExec4143353146.dir/CMakeCCompilerABI.c.o]
  ignore line: [/usr/bin/cc    -o CMakeFiles/cmTryCompileExec4143353146.dir/CMakeCCompilerABI.c.o   -c /usr/share/cmake/Modules/CMakeCCompilerABI.c]
  ignore line: [Linking C executable cmTryCompileExec4143353146]
  ignore line: [/usr/bin/cmake -E cmake_link_script CMakeFiles/cmTryCompileExec4143353146.dir/link.txt --verbose=1]
  ignore line: [/usr/bin/cc       -v CMakeFiles/cmTryCompileExec4143353146.dir/CMakeCCompilerABI.c.o  -o cmTryCompileExec4143353146 -rdynamic  ]
  ignore line: [Using built-in specs.]
  ignore line: [COLLECT_GCC=/usr/bin/cc]
  ignore line: [COLLECT_LTO_WRAPPER=/usr/lib64/gcc/x86_64-suse-linux/4.7/lto-wrapper]
  ignore line: [Target: x86_64-suse-linux]
  ignore line: [Configured with: ../configure --prefix=/usr --infodir=/usr/share/info --mandir=/usr/share/man --libdir=/usr/lib64 --libexecdir=/usr/lib64 --enable-languages=c,c++,objc,fortran,obj-c++,java,ada --enable-checking=release --with-gxx-include-dir=/usr/include/c++/4.7 --enable-ssp --disable-libssp --disable-libitm --disable-plugin --with-bugurl=http://bugs.opensuse.org/ --with-pkgversion='SUSE Linux' --disable-libgcj --disable-libmudflap --with-slibdir=/lib64 --with-system-zlib --enable-__cxa_atexit --enable-libstdcxx-allocator=new --disable-libstdcxx-pch --enable-version-specific-runtime-libs --enable-linker-build-id --program-suffix=-4.7 --enable-linux-futex --without-system-libunwind --with-arch-32=i586 --with-tune=generic --build=x86_64-suse-linux]
  ignore line: [Thread model: posix]
  ignore line: [gcc version 4.7.2 20130108 [gcc-4_7-branch revision 195012] (SUSE Linux) ]
  ignore line: [COMPILER_PATH=/usr/lib64/gcc/x86_64-suse-linux/4.7/:/usr/lib64/gcc/x86_64-suse-linux/4.7/:/usr/lib64/gcc/x86_64-suse-linux/:/usr/lib64/gcc/x86_64-suse-linux/4.7/:/usr/lib64/gcc/x86_64-suse-linux/:/usr/lib64/gcc/x86_64-suse-linux/4.7/../../../../x86_64-suse-linux/bin/]
  ignore line: [LIBRARY_PATH=/usr/lib64/gcc/x86_64-suse-linux/4.7/:/usr/lib64/gcc/x86_64-suse-linux/4.7/../../../../lib64/:/lib/../lib64/:/usr/lib/../lib64/:/usr/lib64/gcc/x86_64-suse-linux/4.7/../../../../x86_64-suse-linux/lib/:/usr/lib64/gcc/x86_64-suse-linux/4.7/../../../:/lib/:/usr/lib/]
  ignore line: [COLLECT_GCC_OPTIONS='-v' '-o' 'cmTryCompileExec4143353146' '-rdynamic' '-mtune=generic' '-march=x86-64']
  link line: [ /usr/lib64/gcc/x86_64-suse-linux/4.7/collect2 --build-id --eh-frame-hdr -m elf_x86_64 -export-dynamic -dynamic-linker /lib64/ld-linux-x86-64.so.2 -o cmTryCompileExec4143353146 /usr/lib64/gcc/x86_64-suse-linux/4.7/../../../../lib64/crt1.o /usr/lib64/gcc/x86_64-suse-linux/4.7/../../../../lib64/crti.o /usr/lib64/gcc/x86_64-suse-linux/4.7/crtbegin.o -L/usr/lib64/gcc/x86_64-suse-linux/4.7 -L/usr/lib64/gcc/x86_64-suse-linux/4.7/../../../../lib64 -L/lib/../lib64 -L/usr/lib/../lib64 -L/usr/lib64/gcc/x86_64-suse-linux/4.7/../../../../x86_64-suse-linux/lib -L/usr/lib64/gcc/x86_64-suse-linux/4.7/../../.. CMakeFiles/cmTryCompileExec4143353146.dir/CMakeCCompilerABI.c.o -lgcc --as-needed -lgcc_s --no-as-needed -lc -lgcc --as-needed -lgcc_s --no-as-needed /usr/lib64/gcc/x86_64-suse-linux/4.7/crtend.o /usr/lib64/gcc/x86_64-suse-linux/4.7/../../../../lib64/crtn.o]
    arg [/usr/lib64/gcc/x86_64-suse-linux/4.7/collect2] ==> ignore
    arg [--build-id] ==> ignore
    arg [--eh-frame-hdr] ==> ignore
    arg [-m] ==> ignore
    arg [elf_x86_64] ==> ignore
    arg [-export-dynamic] ==> ignore
    arg [-dynamic-linker] ==> ignore
    arg [/lib64/ld-linux-x86-64.so.2] ==> ignore
    arg [-o] ==> ignore
    arg [cmTryCompileExec4143353146] ==> ignore
    arg [/usr/lib64/gcc/x86_64-suse-linux/4.7/../../../../lib64/crt1.o] ==> ignore
    arg [/usr/lib64/gcc/x86_64-suse-linux/4.7/../../../../lib64/crti.o] ==> ignore
    arg [/usr/lib64/gcc/x86_64-suse-linux/4.7/crtbegin.o] ==> ignore
    arg [-L/usr/lib64/gcc/x86_64-suse-linux/4.7] ==> dir [/usr/lib64/gcc/x86_64-suse-linux/4.7]
    arg [-L/usr/lib64/gcc/x86_64-suse-linux/4.7/../../../../lib64] ==> dir [/usr/lib64/gcc/x86_64-suse-linux/4.7/../../../../lib64]
    arg [-L/lib/../lib64] ==> dir [/lib/../lib64]
    arg [-L/usr/lib/../lib64] ==> dir [/usr/lib/../lib64]
    arg [-L/usr/lib64/gcc/x86_64-suse-linux/4.7/../../../../x86_64-suse-linux/lib] ==> dir [/usr/lib64/gcc/x86_64-suse-linux/4.7/../../../../x86_64-suse-linux/lib]
    arg [-L/usr/lib64/gcc/x86_64-suse-linux/4.7/../../..] ==> dir [/usr/lib64/gcc/x86_64-suse-linux/4.7/../../..]
    arg [CMakeFiles/cmTryCompileExec4143353146.dir/CMakeCCompilerABI.c.o] ==> ignore
    arg [-lgcc] ==> lib [gcc]
    arg [--as-needed] ==> ignore
    arg [-lgcc_s] ==> lib [gcc_s]
    arg [--no-as-needed] ==> ignore
    arg [-lc] ==> lib [c]
    arg [-lgcc] ==> lib [gcc]
    arg [--as-needed] ==> ignore
    arg [-lgcc_s] ==> lib [gcc_s]
    arg [--no-as-needed] ==> ignore
    arg [/usr/lib64/gcc/x86_64-suse-linux/4.7/crtend.o] ==> ignore
    arg [/usr/lib64/gcc/x86_64-suse-linux/4.7/../../../../lib64/crtn.o] ==> ignore
  remove lib [gcc]
  remove lib [gcc_s]
  remove lib [gcc]
  remove lib [gcc_s]
  collapse dir [/usr/lib64/gcc/x86_64-suse-linux/4.7] ==> [/usr/lib64/gcc/x86_64-suse-linux/4.7]
  collapse dir [/usr/lib64/gcc/x86_64-suse-linux/4.7/../../../../lib64] ==> [/usr/lib64]
  collapse dir [/lib/../lib64] ==> [/lib64]
  collapse dir [/usr/lib/../lib64] ==> [/usr/lib64]
  collapse dir [/usr/lib64/gcc/x86_64-suse-linux/4.7/../../../../x86_64-suse-linux/lib] ==> [/usr/x86_64-suse-linux/lib]
  collapse dir [/usr/lib64/gcc/x86_64-suse-linux/4.7/../../..] ==> [/usr/lib64]
  implicit libs: [c]
  implicit dirs: [/usr/lib64/gcc/x86_64-suse-linux/4.7;/usr/lib64;/lib64;/usr/x86_64-suse-linux/lib]


Determining if the CXX compiler works passed with the following output:
Change Dir: /home/qus/Projects/CppUp/CMakeTest/tmp/CMakeFiles/CMakeTmp

Run Build Command:/usr/bin/gmake "cmTryCompileExec3408771799/fast"
/usr/bin/gmake -f CMakeFiles/cmTryCompileExec3408771799.dir/build.make CMakeFiles/cmTryCompileExec3408771799.dir/build
gmake[1]: Entering directory `/home/qus/Projects/CppUp/CMakeTest/tmp/CMakeFiles/CMakeTmp'
/usr/bin/cmake -E cmake_progress_report /home/qus/Projects/CppUp/CMakeTest/tmp/CMakeFiles/CMakeTmp/CMakeFiles 1
Building CXX object CMakeFiles/cmTryCompileExec3408771799.dir/testCXXCompiler.cxx.o
/usr/bin/c++     -o CMakeFiles/cmTryCompileExec3408771799.dir/testCXXCompiler.cxx.o -c /home/qus/Projects/CppUp/CMakeTest/tmp/CMakeFiles/CMakeTmp/testCXXCompiler.cxx
Linking CXX executable cmTryCompileExec3408771799
/usr/bin/cmake -E cmake_link_script CMakeFiles/cmTryCompileExec3408771799.dir/link.txt --verbose=1
/usr/bin/c++          CMakeFiles/cmTryCompileExec3408771799.dir/testCXXCompiler.cxx.o  -o cmTryCompileExec3408771799 -rdynamic 
gmake[1]: Leaving directory `/home/qus/Projects/CppUp/CMakeTest/tmp/CMakeFiles/CMakeTmp'


Detecting CXX compiler ABI info compiled with the following output:
Change Dir: /home/qus/Projects/CppUp/CMakeTest/tmp/CMakeFiles/CMakeTmp

Run Build Command:/usr/bin/gmake "cmTryCompileExec2184961230/fast"
/usr/bin/gmake -f CMakeFiles/cmTryCompileExec2184961230.dir/build.make CMakeFiles/cmTryCompileExec2184961230.dir/build
gmake[1]: Entering directory `/home/qus/Projects/CppUp/CMakeTest/tmp/CMakeFiles/CMakeTmp'
/usr/bin/cmake -E cmake_progress_report /home/qus/Projects/CppUp/CMakeTest/tmp/CMakeFiles/CMakeTmp/CMakeFiles 1
Building CXX object CMakeFiles/cmTryCompileExec2184961230.dir/CMakeCXXCompilerABI.cpp.o
/usr/bin/c++     -o CMakeFiles/cmTryCompileExec2184961230.dir/CMakeCXXCompilerABI.cpp.o -c /usr/share/cmake/Modules/CMakeCXXCompilerABI.cpp
Linking CXX executable cmTryCompileExec2184961230
/usr/bin/cmake -E cmake_link_script CMakeFiles/cmTryCompileExec2184961230.dir/link.txt --verbose=1
/usr/bin/c++        -v CMakeFiles/cmTryCompileExec2184961230.dir/CMakeCXXCompilerABI.cpp.o  -o cmTryCompileExec2184961230 -rdynamic  
Using built-in specs.
COLLECT_GCC=/usr/bin/c++
COLLECT_LTO_WRAPPER=/usr/lib64/gcc/x86_64-suse-linux/4.7/lto-wrapper
Target: x86_64-suse-linux
Configured with: ../configure --prefix=/usr --infodir=/usr/share/info --mandir=/usr/share/man --libdir=/usr/lib64 --libexecdir=/usr/lib64 --enable-languages=c,c++,objc,fortran,obj-c++,java,ada --enable-checking=release --with-gxx-include-dir=/usr/include/c++/4.7 --enable-ssp --disable-libssp --disable-libitm --disable-plugin --with-bugurl=http://bugs.opensuse.org/ --with-pkgversion='SUSE Linux' --disable-libgcj --disable-libmudflap --with-slibdir=/lib64 --with-system-zlib --enable-__cxa_atexit --enable-libstdcxx-allocator=new --disable-libstdcxx-pch --enable-version-specific-runtime-libs --enable-linker-build-id --program-suffix=-4.7 --enable-linux-futex --without-system-libunwind --with-arch-32=i586 --with-tune=generic --build=x86_64-suse-linux
Thread model: posix
gcc version 4.7.2 20130108 [gcc-4_7-branch revision 195012] (SUSE Linux) 
COMPILER_PATH=/usr/lib64/gcc/x86_64-suse-linux/4.7/:/usr/lib64/gcc/x86_64-suse-linux/4.7/:/usr/lib64/gcc/x86_64-suse-linux/:/usr/lib64/gcc/x86_64-suse-linux/4.7/:/usr/lib64/gcc/x86_64-suse-linux/:/usr/lib64/gcc/x86_64-suse-linux/4.7/../../../../x86_64-suse-linux/bin/
LIBRARY_PATH=/usr/lib64/gcc/x86_64-suse-linux/4.7/:/usr/lib64/gcc/x86_64-suse-linux/4.7/../../../../lib64/:/lib/../lib64/:/usr/lib/../lib64/:/usr/lib64/gcc/x86_64-suse-linux/4.7/../../../../x86_64-suse-linux/lib/:/usr/lib64/gcc/x86_64-suse-linux/4.7/../../../:/lib/:/usr/lib/
COLLECT_GCC_OPTIONS='-v' '-o' 'cmTryCompileExec2184961230' '-rdynamic' '-shared-libgcc' '-mtune=generic' '-march=x86-64'
 /usr/lib64/gcc/x86_64-suse-linux/4.7/collect2 --build-id --eh-frame-hdr -m elf_x86_64 -export-dynamic -dynamic-linker /lib64/ld-linux-x86-64.so.2 -o cmTryCompileExec2184961230 /usr/lib64/gcc/x86_64-suse-linux/4.7/../../../../lib64/crt1.o /usr/lib64/gcc/x86_64-suse-linux/4.7/../../../../lib64/crti.o /usr/lib64/gcc/x86_64-suse-linux/4.7/crtbegin.o -L/usr/lib64/gcc/x86_64-suse-linux/4.7 -L/usr/lib64/gcc/x86_64-suse-linux/4.7/../../../../lib64 -L/lib/../lib64 -L/usr/lib/../lib64 -L/usr/lib64/gcc/x86_64-suse-linux/4.7/../../../../x86_64-suse-linux/lib -L/usr/lib64/gcc/x86_64-suse-linux/4.7/../../.. CMakeFiles/cmTryCompileExec2184961230.dir/CMakeCXXCompilerABI.cpp.o -lstdc++ -lm -lgcc_s -lgcc -lc -lgcc_s -lgcc /usr/lib64/gcc/x86_64-suse-linux/4.7/crtend.o /usr/lib64/gcc/x86_64-suse-linux/4.7/../../../../lib64/crtn.o
gmake[1]: Leaving directory `/home/qus/Projects/CppUp/CMakeTest/tmp/CMakeFiles/CMakeTmp'


Parsed CXX implicit link information from above output:
  link line regex: [^( *|.*[/\])(ld|ld|collect2)[^/\]*( |$)]
  ignore line: [Change Dir: /home/qus/Projects/CppUp/CMakeTest/tmp/CMakeFiles/CMakeTmp]
  ignore line: []
  ignore line: [Run Build Command:/usr/bin/gmake "cmTryCompileExec2184961230/fast"]
  ignore line: [/usr/bin/gmake -f CMakeFiles/cmTryCompileExec2184961230.dir/build.make CMakeFiles/cmTryCompileExec2184961230.dir/build]
  ignore line: [gmake[1]: Entering directory `/home/qus/Projects/CppUp/CMakeTest/tmp/CMakeFiles/CMakeTmp']
  ignore line: [/usr/bin/cmake -E cmake_progress_report /home/qus/Projects/CppUp/CMakeTest/tmp/CMakeFiles/CMakeTmp/CMakeFiles 1]
  ignore line: [Building CXX object CMakeFiles/cmTryCompileExec2184961230.dir/CMakeCXXCompilerABI.cpp.o]
  ignore line: [/usr/bin/c++     -o CMakeFiles/cmTryCompileExec2184961230.dir/CMakeCXXCompilerABI.cpp.o -c /usr/share/cmake/Modules/CMakeCXXCompilerABI.cpp]
  ignore line: [Linking CXX executable cmTryCompileExec2184961230]
  ignore line: [/usr/bin/cmake -E cmake_link_script CMakeFiles/cmTryCompileExec2184961230.dir/link.txt --verbose=1]
  ignore line: [/usr/bin/c++        -v CMakeFiles/cmTryCompileExec2184961230.dir/CMakeCXXCompilerABI.cpp.o  -o cmTryCompileExec2184961230 -rdynamic  ]
  ignore line: [Using built-in specs.]
  ignore line: [COLLECT_GCC=/usr/bin/c++]
  ignore line: [COLLECT_LTO_WRAPPER=/usr/lib64/gcc/x86_64-suse-linux/4.7/lto-wrapper]
  ignore line: [Target: x86_64-suse-linux]
  ignore line: [Configured with: ../configure --prefix=/usr --infodir=/usr/share/info --mandir=/usr/share/man --libdir=/usr/lib64 --libexecdir=/usr/lib64 --enable-languages=c,c++,objc,fortran,obj-c++,java,ada --enable-checking=release --with-gxx-include-dir=/usr/include/c++/4.7 --enable-ssp --disable-libssp --disable-libitm --disable-plugin --with-bugurl=http://bugs.opensuse.org/ --with-pkgversion='SUSE Linux' --disable-libgcj --disable-libmudflap --with-slibdir=/lib64 --with-system-zlib --enable-__cxa_atexit --enable-libstdcxx-allocator=new --disable-libstdcxx-pch --enable-version-specific-runtime-libs --enable-linker-build-id --program-suffix=-4.7 --enable-linux-futex --without-system-libunwind --with-arch-32=i586 --with-tune=generic --build=x86_64-suse-linux]
  ignore line: [Thread model: posix]
  ignore line: [gcc version 4.7.2 20130108 [gcc-4_7-branch revision 195012] (SUSE Linux) ]
  ignore line: [COMPILER_PATH=/usr/lib64/gcc/x86_64-suse-linux/4.7/:/usr/lib64/gcc/x86_64-suse-linux/4.7/:/usr/lib64/gcc/x86_64-suse-linux/:/usr/lib64/gcc/x86_64-suse-linux/4.7/:/usr/lib64/gcc/x86_64-suse-linux/:/usr/lib64/gcc/x86_64-suse-linux/4.7/../../../../x86_64-suse-linux/bin/]
  ignore line: [LIBRARY_PATH=/usr/lib64/gcc/x86_64-suse-linux/4.7/:/usr/lib64/gcc/x86_64-suse-linux/4.7/../../../../lib64/:/lib/../lib64/:/usr/lib/../lib64/:/usr/lib64/gcc/x86_64-suse-linux/4.7/../../../../x86_64-suse-linux/lib/:/usr/lib64/gcc/x86_64-suse-linux/4.7/../../../:/lib/:/usr/lib/]
  ignore line: [COLLECT_GCC_OPTIONS='-v' '-o' 'cmTryCompileExec2184961230' '-rdynamic' '-shared-libgcc' '-mtune=generic' '-march=x86-64']
  link line: [ /usr/lib64/gcc/x86_64-suse-linux/4.7/collect2 --build-id --eh-frame-hdr -m elf_x86_64 -export-dynamic -dynamic-linker /lib64/ld-linux-x86-64.so.2 -o cmTryCompileExec2184961230 /usr/lib64/gcc/x86_64-suse-linux/4.7/../../../../lib64/crt1.o /usr/lib64/gcc/x86_64-suse-linux/4.7/../../../../lib64/crti.o /usr/lib64/gcc/x86_64-suse-linux/4.7/crtbegin.o -L/usr/lib64/gcc/x86_64-suse-linux/4.7 -L/usr/lib64/gcc/x86_64-suse-linux/4.7/../../../../lib64 -L/lib/../lib64 -L/usr/lib/../lib64 -L/usr/lib64/gcc/x86_64-suse-linux/4.7/../../../../x86_64-suse-linux/lib -L/usr/lib64/gcc/x86_64-suse-linux/4.7/../../.. CMakeFiles/cmTryCompileExec2184961230.dir/CMakeCXXCompilerABI.cpp.o -lstdc++ -lm -lgcc_s -lgcc -lc -lgcc_s -lgcc /usr/lib64/gcc/x86_64-suse-linux/4.7/crtend.o /usr/lib64/gcc/x86_64-suse-linux/4.7/../../../../lib64/crtn.o]
    arg [/usr/lib64/gcc/x86_64-suse-linux/4.7/collect2] ==> ignore
    arg [--build-id] ==> ignore
    arg [--eh-frame-hdr] ==> ignore
    arg [-m] ==> ignore
    arg [elf_x86_64] ==> ignore
    arg [-export-dynamic] ==> ignore
    arg [-dynamic-linker] ==> ignore
    arg [/lib64/ld-linux-x86-64.so.2] ==> ignore
    arg [-o] ==> ignore
    arg [cmTryCompileExec2184961230] ==> ignore
    arg [/usr/lib64/gcc/x86_64-suse-linux/4.7/../../../../lib64/crt1.o] ==> ignore
    arg [/usr/lib64/gcc/x86_64-suse-linux/4.7/../../../../lib64/crti.o] ==> ignore
    arg [/usr/lib64/gcc/x86_64-suse-linux/4.7/crtbegin.o] ==> ignore
    arg [-L/usr/lib64/gcc/x86_64-suse-linux/4.7] ==> dir [/usr/lib64/gcc/x86_64-suse-linux/4.7]
    arg [-L/usr/lib64/gcc/x86_64-suse-linux/4.7/../../../../lib64] ==> dir [/usr/lib64/gcc/x86_64-suse-linux/4.7/../../../../lib64]
    arg [-L/lib/../lib64] ==> dir [/lib/../lib64]
    arg [-L/usr/lib/../lib64] ==> dir [/usr/lib/../lib64]
    arg [-L/usr/lib64/gcc/x86_64-suse-linux/4.7/../../../../x86_64-suse-linux/lib] ==> dir [/usr/lib64/gcc/x86_64-suse-linux/4.7/../../../../x86_64-suse-linux/lib]
    arg [-L/usr/lib64/gcc/x86_64-suse-linux/4.7/../../..] ==> dir [/usr/lib64/gcc/x86_64-suse-linux/4.7/../../..]
    arg [CMakeFiles/cmTryCompileExec2184961230.dir/CMakeCXXCompilerABI.cpp.o] ==> ignore
    arg [-lstdc++] ==> lib [stdc++]
    arg [-lm] ==> lib [m]
    arg [-lgcc_s] ==> lib [gcc_s]
    arg [-lgcc] ==> lib [gcc]
    arg [-lc] ==> lib [c]
    arg [-lgcc_s] ==> lib [gcc_s]
    arg [-lgcc] ==> lib [gcc]
    arg [/usr/lib64/gcc/x86_64-suse-linux/4.7/crtend.o] ==> ignore
    arg [/usr/lib64/gcc/x86_64-suse-linux/4.7/../../../../lib64/crtn.o] ==> ignore
  remove lib [gcc_s]
  remove lib [gcc]
  remove lib [gcc_s]
  remove lib [gcc]
  collapse dir [/usr/lib64/gcc/x86_64-suse-linux/4.7] ==> [/usr/lib64/gcc/x86_64-suse-linux/4.7]
  collapse dir [/usr/lib64/gcc/x86_64-suse-linux/4.7/../../../../lib64] ==> [/usr/lib64]
  collapse dir [/lib/../lib64] ==> [/lib64]
  collapse dir [/usr/lib/../lib64] ==> [/usr/lib64]
  collapse dir [/usr/lib64/gcc/x86_64-suse-linux/4.7/../../../../x86_64-suse-linux/lib] ==> [/usr/x86_64-suse-linux/lib]
  collapse dir [/usr/lib64/gcc/x86_64-suse-linux/4.7/../../..] ==> [/usr/lib64]
  implicit libs: [stdc++;m;c]
  implicit dirs: [/usr/lib64/gcc/x86_64-suse-linux/4.7;/usr/lib64;/lib64;/usr/x86_64-suse-linux/lib]


